


ARM Macro Assembler    Page 1 


    1 00000000         ;motors.s 
    2 00000000         ;Function to initialize motor pins
    3 00000000         
    4 00000000         
    5 00000000 400243FC 
                       GPIO_PORTE_DATA_R
                               EQU              0x400243FC
    6 00000000 40024400 
                       GPIO_PORTE_DIR_R
                               EQU              0x40024400
    7 00000000 4002451C 
                       GPIO_PORTE_DEN_R
                               EQU              0x4002451C
    8 00000000 40024508 
                       GPIO_PORTE_DR8R_R
                               EQU              0x40024508
    9 00000000         
   10 00000000         
   11 00000000 400FE608 
                       SYSCTL_RCGCGPIO_R
                               EQU              0x400FE608
   12 00000000         
   13 00000000                 AREA             |.text|, CODE, READONLY, ALIGN=
2
   14 00000000                 THUMB
   15 00000000                 EXPORT           LIMBS_Init
   16 00000000                 EXPORT           TURN_Left
   17 00000000                 EXPORT           TURN_Right
   18 00000000                 EXPORT           FORWARD
   19 00000000                 EXPORT           STOP
   20 00000000         LIMBS_Init
   21 00000000 4914            LDR              R1,=SYSCTL_RCGCGPIO_R
   22 00000002 6808            LDR              R0,[R1]
   23 00000004 F040 0010       ORR              R0,R0,#0x10 ; 0B 0000 0000
   24 00000008 6008            STR              R0,[R1]
   25 0000000A         
   26 0000000A 4913            LDR              R1,=GPIO_PORTE_DIR_R
   27 0000000C 6808            LDR              R0,[R1]
   28 0000000E F040 000C       ORR              R0,R0,#0x0C ;PE2,PE3 0000 1100
   29 00000012 6008            STR              R0,[R1]
   30 00000014         
   31 00000014 4911            LDR              R1,=GPIO_PORTE_DR8R_R
   32 00000016 6808            LDR              R0,[R1]
   33 00000018 F040 000C       ORR              R0,R0,#0x0C
   34 0000001C 6008            STR              R0,[R1]
   35 0000001E         
   36 0000001E 4910            LDR              R1,=GPIO_PORTE_DEN_R
   37 00000020 6808            LDR              R0,[R1]
   38 00000022 F040 000C       ORR              R0,R0,#0x0C
   39 00000026 6008            STR              R0,[R1]
   40 00000028 4770            BX               LR
   41 0000002A         
   42 0000002A         TURN_Left
   43 0000002A 490E            LDR              R1,=GPIO_PORTE_DATA_R
   44 0000002C F04F 0004       MOV              R0,#0x04    ;PE2, 0000 0100
   45 00000030 6008            STR              R0,[R1]
   46 00000032 4770            BX               LR
   47 00000034         
   48 00000034         TURN_Right



ARM Macro Assembler    Page 2 


   49 00000034 490B            LDR              R1,=GPIO_PORTE_DATA_R
   50 00000036 F04F 0008       MOV              R0,#0x08    ;PE3 0000 1000
   51 0000003A 6008            STR              R0,[R1]
   52 0000003C 4770            BX               LR
   53 0000003E         FORWARD
   54 0000003E 4909            LDR              R1,=GPIO_PORTE_DATA_R
   55 00000040 F04F 000C       MOV              R0,#0x0C
   56 00000044 6008            STR              R0,[R1]
   57 00000046 4770            BX               LR
   58 00000048         
   59 00000048         STOP
   60 00000048 4906            LDR              R1,=GPIO_PORTE_DATA_R
   61 0000004A F04F 0000       MOV              R0,#0x00
   62 0000004E 6008            STR              R0,[R1]
   63 00000050 4770            BX               LR
   64 00000052         
   65 00000052 00 00           ALIGN
   66 00000054                 END
              400FE608 
              40024400 
              40024508 
              4002451C 
              400243FC 
Command Line: --debug --xref --diag_suppress=9931 --cpu=Cortex-M4.fp --apcs=int
erwork --depend=.\objects\limbs_1.d -o.\objects\limbs_1.o -I.\RTE\_TM4C123 -IC:
\Users\Emit\AppData\Local\Arm\Packs\ARM\CMSIS\5.6.0\CMSIS\Core\Include -IC:\Use
rs\Emit\AppData\Local\Arm\Packs\Keil\TM4C_DFP\1.1.0\Device\Include\TM4C123 --pr
edefine="__EVAL SETA 1" --predefine="__UVISION_VERSION SETA 527" --predefine="_
RTE_ SETA 1" --predefine="TM4C1230H6PM SETA 1" --list=.\listings\limbs.lst Libr
aries&Drivers\limbs.s



ARM Macro Assembler    Page 1 Alphabetic symbol ordering
Relocatable symbols

.text 00000000

Symbol: .text
   Definitions
      At line 13 in file Libraries&Drivers\limbs.s
   Uses
      None
Comment: .text unused
FORWARD 0000003E

Symbol: FORWARD
   Definitions
      At line 53 in file Libraries&Drivers\limbs.s
   Uses
      At line 18 in file Libraries&Drivers\limbs.s
Comment: FORWARD used once
LIMBS_Init 00000000

Symbol: LIMBS_Init
   Definitions
      At line 20 in file Libraries&Drivers\limbs.s
   Uses
      At line 15 in file Libraries&Drivers\limbs.s
Comment: LIMBS_Init used once
STOP 00000048

Symbol: STOP
   Definitions
      At line 59 in file Libraries&Drivers\limbs.s
   Uses
      At line 19 in file Libraries&Drivers\limbs.s
Comment: STOP used once
TURN_Left 0000002A

Symbol: TURN_Left
   Definitions
      At line 42 in file Libraries&Drivers\limbs.s
   Uses
      At line 16 in file Libraries&Drivers\limbs.s
Comment: TURN_Left used once
TURN_Right 00000034

Symbol: TURN_Right
   Definitions
      At line 48 in file Libraries&Drivers\limbs.s
   Uses
      At line 17 in file Libraries&Drivers\limbs.s
Comment: TURN_Right used once
6 symbols



ARM Macro Assembler    Page 1 Alphabetic symbol ordering
Absolute symbols

GPIO_PORTE_DATA_R 400243FC

Symbol: GPIO_PORTE_DATA_R
   Definitions
      At line 5 in file Libraries&Drivers\limbs.s
   Uses
      At line 43 in file Libraries&Drivers\limbs.s
      At line 49 in file Libraries&Drivers\limbs.s
      At line 54 in file Libraries&Drivers\limbs.s
      At line 60 in file Libraries&Drivers\limbs.s

GPIO_PORTE_DEN_R 4002451C

Symbol: GPIO_PORTE_DEN_R
   Definitions
      At line 7 in file Libraries&Drivers\limbs.s
   Uses
      At line 36 in file Libraries&Drivers\limbs.s
Comment: GPIO_PORTE_DEN_R used once
GPIO_PORTE_DIR_R 40024400

Symbol: GPIO_PORTE_DIR_R
   Definitions
      At line 6 in file Libraries&Drivers\limbs.s
   Uses
      At line 26 in file Libraries&Drivers\limbs.s
Comment: GPIO_PORTE_DIR_R used once
GPIO_PORTE_DR8R_R 40024508

Symbol: GPIO_PORTE_DR8R_R
   Definitions
      At line 8 in file Libraries&Drivers\limbs.s
   Uses
      At line 31 in file Libraries&Drivers\limbs.s
Comment: GPIO_PORTE_DR8R_R used once
SYSCTL_RCGCGPIO_R 400FE608

Symbol: SYSCTL_RCGCGPIO_R
   Definitions
      At line 11 in file Libraries&Drivers\limbs.s
   Uses
      At line 21 in file Libraries&Drivers\limbs.s
Comment: SYSCTL_RCGCGPIO_R used once
5 symbols
348 symbols in table
